0 info it worked if it ends with ok
1 verbose cli [ '/Users/maximradov/n/bin/node',
1 verbose cli   '/Users/maximradov/n/bin/npm',
1 verbose cli   'publish' ]
2 info using npm@3.10.10
3 info using node@v6.10.1
4 verbose publish [ '.' ]
5 silly cache add args [ '.', null ]
6 verbose cache add spec .
7 silly cache add parsed spec Result {
7 silly cache add   raw: '.',
7 silly cache add   scope: null,
7 silly cache add   escapedName: null,
7 silly cache add   name: null,
7 silly cache add   rawSpec: '.',
7 silly cache add   spec: '/Users/maximradov/worckspase/koatest',
7 silly cache add   type: 'directory' }
8 verbose addLocalDirectory /Users/maximradov/.npm/koa-core/1.0.1/package.tgz not in flight; packing
9 verbose correctMkdir /Users/maximradov/.npm correctMkdir not in flight; initializing
10 info lifecycle koa-core@1.0.1~prepublish: koa-core@1.0.1
11 verbose lifecycle koa-core@1.0.1~prepublish: unsafe-perm in lifecycle true
12 verbose lifecycle koa-core@1.0.1~prepublish: PATH: /Users/maximradov/n/lib/node_modules/npm/bin/node-gyp-bin:/Users/maximradov/worckspase/koatest/node_modules/.bin:/usr/local/bin:/usr/bin:/bin:/usr/sbin:/sbin:/usr/local/go/bin:/Users/maximradov/n/bin:/usr/local/go/bin
13 verbose lifecycle koa-core@1.0.1~prepublish: CWD: /Users/maximradov/worckspase/koatest
14 silly lifecycle koa-core@1.0.1~prepublish: Args: [ '-c', 'npm run build' ]
15 silly lifecycle koa-core@1.0.1~prepublish: Returned: code: 0  signal: null
16 verbose tar pack [ '/Users/maximradov/.npm/koa-core/1.0.1/package.tgz',
16 verbose tar pack   '/Users/maximradov/worckspase/koatest' ]
17 verbose tarball /Users/maximradov/.npm/koa-core/1.0.1/package.tgz
18 verbose folder /Users/maximradov/worckspase/koatest
19 verbose addLocalTarball adding from inside cache /Users/maximradov/.npm/koa-core/1.0.1/package.tgz
20 verbose correctMkdir /Users/maximradov/.npm correctMkdir not in flight; initializing
21 silly cache afterAdd koa-core@1.0.1
22 verbose afterAdd /Users/maximradov/.npm/koa-core/1.0.1/package/package.json not in flight; writing
23 verbose correctMkdir /Users/maximradov/.npm correctMkdir not in flight; initializing
24 verbose afterAdd /Users/maximradov/.npm/koa-core/1.0.1/package/package.json written
25 silly publish { name: 'koa-core',
25 silly publish   version: '1.0.1',
25 silly publish   description: '',
25 silly publish   main: 'index.js',
25 silly publish   dependencies:
25 silly publish    { bluebird: '^3.5.0',
25 silly publish      glob: '^7.1.1',
25 silly publish      koa: '^2.2.0',
25 silly publish      'koa-logger': '^2.0.1',
25 silly publish      'koa-router': '^7.1.1',
25 silly publish      nodemon: '^1.11.0' },
25 silly publish   devDependencies:
25 silly publish    { 'babel-cli': '^6.24.1',
25 silly publish      'babel-core': '^6.24.1',
25 silly publish      'babel-preset-env': '^1.4.0' },
25 silly publish   scripts:
25 silly publish    { prepublish: 'npm run build',
25 silly publish      build: 'babel -d lib/ src/ --source-maps --copy-files',
25 silly publish      server: 'nodemon --exec babel-node src' },
25 silly publish   author: { name: 'Maksym Radko' },
25 silly publish   license: 'ISC',
25 silly publish   gitHead: '21338051c78302be080fc7bb591a3396cbeff0d1',
25 silly publish   readme: 'ERROR: No README data found!',
25 silly publish   _id: 'koa-core@1.0.1',
25 silly publish   _shasum: 'cb6780f361406c892e65f926c74fadcdf47659e5',
25 silly publish   _from: '.' }
26 verbose getPublishConfig undefined
27 silly mapToRegistry name koa-core
28 silly mapToRegistry using default registry
29 silly mapToRegistry registry https://registry.npmjs.org/
30 silly mapToRegistry data Result {
30 silly mapToRegistry   raw: 'koa-core',
30 silly mapToRegistry   scope: null,
30 silly mapToRegistry   escapedName: 'koa-core',
30 silly mapToRegistry   name: 'koa-core',
30 silly mapToRegistry   rawSpec: '',
30 silly mapToRegistry   spec: 'latest',
30 silly mapToRegistry   type: 'tag' }
31 silly mapToRegistry uri https://registry.npmjs.org/koa-core
32 verbose publish registryBase https://registry.npmjs.org/
33 silly publish uploading /Users/maximradov/.npm/koa-core/1.0.1/package.tgz
34 verbose request uri https://registry.npmjs.org/koa-core
35 verbose request sending authorization for write operation
36 info attempt registry request try #1 at 3:26:47 PM
37 verbose request using bearer token for auth
38 verbose request id 66c83821b10fea2e
39 http request PUT https://registry.npmjs.org/koa-core
40 http 403 https://registry.npmjs.org/koa-core
41 verbose headers { 'content-type': 'application/json',
41 verbose headers   'cache-control': 'max-age=300',
41 verbose headers   'content-length': '102',
41 verbose headers   'accept-ranges': 'bytes',
41 verbose headers   date: 'Wed, 03 May 2017 12:26:48 GMT',
41 verbose headers   via: '1.1 varnish',
41 verbose headers   connection: 'keep-alive',
41 verbose headers   'x-served-by': 'cache-hhn1544-HHN',
41 verbose headers   'x-cache': 'MISS',
41 verbose headers   'x-cache-hits': '0',
41 verbose headers   'x-timer': 'S1493814408.865381,VS0,VE642',
41 verbose headers   vary: 'Accept-Encoding' }
42 verbose request invalidating /Users/maximradov/.npm/registry.npmjs.org/koa-core on PUT
43 error publish Failed PUT 403
44 verbose stack Error: you do not have permission to publish "koa-core". Are you logged in as the correct user? : koa-core
44 verbose stack     at makeError (/Users/maximradov/n/lib/node_modules/npm/node_modules/npm-registry-client/lib/request.js:302:12)
44 verbose stack     at CachingRegistryClient.<anonymous> (/Users/maximradov/n/lib/node_modules/npm/node_modules/npm-registry-client/lib/request.js:290:14)
44 verbose stack     at Request._callback (/Users/maximradov/n/lib/node_modules/npm/node_modules/npm-registry-client/lib/request.js:210:14)
44 verbose stack     at Request.self.callback (/Users/maximradov/n/lib/node_modules/npm/node_modules/request/request.js:187:22)
44 verbose stack     at emitTwo (events.js:106:13)
44 verbose stack     at Request.emit (events.js:191:7)
44 verbose stack     at Request.<anonymous> (/Users/maximradov/n/lib/node_modules/npm/node_modules/request/request.js:1048:10)
44 verbose stack     at emitOne (events.js:96:13)
44 verbose stack     at Request.emit (events.js:188:7)
44 verbose stack     at IncomingMessage.<anonymous> (/Users/maximradov/n/lib/node_modules/npm/node_modules/request/request.js:969:12)
45 verbose statusCode 403
46 verbose pkgid koa-core
47 verbose cwd /Users/maximradov/worckspase/koatest
48 error Darwin 16.5.0
49 error argv "/Users/maximradov/n/bin/node" "/Users/maximradov/n/bin/npm" "publish"
50 error node v6.10.1
51 error npm  v3.10.10
52 error code E403
53 error you do not have permission to publish "koa-core". Are you logged in as the correct user? : koa-core
54 error If you need help, you may report this error at:
54 error     <https://github.com/npm/npm/issues>
55 verbose exit [ 1, true ]
